#
# There is insufficient memory for the Java Runtime Environment to continue.
# Native memory allocation (mmap) failed to map 134217728 bytes. Error detail: G1 virtual space
# Possible reasons:
#   The system is out of physical RAM or swap space
#   This process is running with CompressedOops enabled, and the Java Heap may be blocking the growth of the native heap
# Possible solutions:
#   Reduce memory load on the system
#   Increase physical memory or swap space
#   Check if swap backing store is full
#   Decrease Java heap size (-Xmx/-Xms)
#   Decrease number of Java threads
#   Decrease Java thread stack sizes (-Xss)
#   Set larger code cache with -XX:ReservedCodeCacheSize=
#   JVM is running with Unscaled Compressed Oops mode in which the Java heap is
#     placed in the first 4GB address space. The Java Heap base address is the
#     maximum limit for the native heap growth. Please use -XX:HeapBaseMinAddress
#     to set the Java Heap base and to place the Java Heap above 4GB virtual address.
# This output file may be truncated or incomplete.
#
#  Out of Memory Error (os_windows.cpp:3828), pid=14844, tid=10360
#
# JRE version:  (21.0.4) (build )
# Java VM: OpenJDK 64-Bit Server VM (21.0.4+-12508038-b607.1, mixed mode, sharing, tiered, compressed oops, compressed class ptrs, g1 gc, windows-amd64)
# No core dump will be written. Minidumps are not enabled by default on client versions of Windows
#

---------------  S U M M A R Y ------------

Command Line: git4idea.http.GitAskPassApp Username for 'https://github.com': 

Host: Intel(R) Core(TM) i5-2450M CPU @ 2.50GHz, 4 cores, 7G,  Windows 10 , 64 bit Build 19041 (10.0.19041.5438)
Time: Wed Mar 12 21:39:22 2025 ora solare Europa occidentale elapsed time: 0.020519 seconds (0d 0h 0m 0s)

---------------  T H R E A D  ---------------

Current thread (0x000002be7d7000d0):  JavaThread "Unknown thread" [_thread_in_vm, id=10360, stack(0x000000d781600000,0x000000d781700000) (1024K)]

Stack: [0x000000d781600000,0x000000d781700000]
Native frames: (J=compiled Java code, j=interpreted, Vv=VM code, C=native code)
V  [jvm.dll+0x6ce539]
V  [jvm.dll+0x85bf03]
V  [jvm.dll+0x85e45e]
V  [jvm.dll+0x85eb43]
V  [jvm.dll+0x27dd06]
V  [jvm.dll+0x6cada5]
V  [jvm.dll+0x6bf27a]
V  [jvm.dll+0x3541fb]
V  [jvm.dll+0x35be36]
V  [jvm.dll+0x3adbc6]
V  [jvm.dll+0x3ade98]
V  [jvm.dll+0x32691c]
V  [jvm.dll+0x32760b]
V  [jvm.dll+0x823959]
V  [jvm.dll+0x3bacf8]
V  [jvm.dll+0x80cd58]
V  [jvm.dll+0x44ef2e]
V  [jvm.dll+0x450691]
C  [jli.dll+0x52ab]
C  [ucrtbase.dll+0x21bb2]
C  [KERNEL32.DLL+0x17374]
C  [ntdll.dll+0x4cc91]


---------------  P R O C E S S  ---------------

Threads class SMR info:
_java_thread_list=0x00007fff46f0a808, length=0, elements={
}

Java Threads: ( => current thread )
Total: 0

Other Threads:
  0x000002be7f98fc40 WorkerThread "GC Thread#0"                     [id=16792, stack(0x000000d781700000,0x000000d781800000) (1024K)]
  0x000002be7f9a0b90 ConcurrentGCThread "G1 Main Marker"            [id=17384, stack(0x000000d781800000,0x000000d781900000) (1024K)]
  0x000002be7f9a3e40 WorkerThread "G1 Conc#0"                       [id=3144, stack(0x000000d781900000,0x000000d781a00000) (1024K)]

[error occurred during error reporting (printing all threads), id 0xc0000005, EXCEPTION_ACCESS_VIOLATION (0xc0000005) at pc=0x00007fff46709957]
VM state: not at safepoint (not fully initialized)

VM Mutex/Monitor currently owned by a thread:  ([mutex/lock_event])
[0x00007fff46f773f8] Heap_lock - owner thread: 0x000002be7d7000d0

Heap address: 0x0000000081000000, size: 2032 MB, Compressed Oops mode: 32-bit

CDS archive(s) mapped at: [0x0000000000000000-0x0000000000000000-0x0000000000000000), size 0, SharedBaseAddress: 0x0000000800000000, ArchiveRelocationMode: 1.
Narrow klass base: 0x0000000000000000, Narrow klass shift: 0, Narrow klass range: 0x0

GC Precious Log:
 CardTable entry size: 512
 Card Set container configuration: InlinePtr #cards 5 size 8 Array Of Cards #cards 12 size 40 Howl #buckets 4 coarsen threshold 1843 Howl Bitmap #cards 512 size 80 coarsen threshold 460 Card regions per heap region 1 cards per card region 2048

Heap:
 garbage-first heap   total 0K, used 0K [0x0000000081000000, 0x0000000100000000)
  region size 1024K, 0 young (0K), 0 survivors (0K)
 Metaspace       used 0K, committed 0K, reserved 0K
  class space    used 0K, committed 0K, reserved 0K

Heap Regions: E=young(eden), S=young(survivor), O=old, HS=humongous(starts), HC=humongous(continues), CS=collection set, F=free, TAMS=top-at-mark-start, PB=parsable bottom

Card table byte_map: [0x000002be12080000,0x000002be12480000] _byte_map_base: 0x000002be11c78000

Marking Bits: (CMBitMap*) 0x000002be7f990340
 Bits: [0x000002be12480000, 0x000002be14440000)

GC Heap History (0 events):
No events

Dll operation events (1 events):
Event: 0.010 Loaded shared library C:\Program Files\Android\Android Studio\jbr\bin\java.dll

Deoptimization events (0 events):
No events

Classes loaded (0 events):
No events

Classes unloaded (0 events):
No events

Classes redefined (0 events):
No events

Internal exceptions (0 events):
No events

ZGC Phase Switch (0 events):
No events

VM Operations (0 events):
No events

Memory protections (0 events):
No events

Nmethod flushes (0 events):
No events

Events (0 events):
No events


Dynamic libraries:
0x00007ff69f3a0000 - 0x00007ff69f3aa000 	C:\Program Files\Android\Android Studio\jbr\bin\java.exe
0x00007fffc23b0000 - 0x00007fffc25a8000 	C:\WINDOWS\SYSTEM32\ntdll.dll
0x00007fffc1ab0000 - 0x00007fffc1b72000 	C:\WINDOWS\System32\KERNEL32.DLL
0x00007fffbfa50000 - 0x00007fffbfd4f000 	C:\WINDOWS\System32\KERNELBASE.dll
0x00007fffbfe10000 - 0x00007fffbff10000 	C:\WINDOWS\System32\ucrtbase.dll
0x00007fffb8630000 - 0x00007fffb864b000 	C:\Program Files\Android\Android Studio\jbr\bin\VCRUNTIME140.dll
0x00007fffb8860000 - 0x00007fffb8878000 	C:\Program Files\Android\Android Studio\jbr\bin\jli.dll
0x00007fffc0540000 - 0x00007fffc06dd000 	C:\WINDOWS\System32\USER32.dll
0x00007fffa6310000 - 0x00007fffa65aa000 	C:\WINDOWS\WinSxS\amd64_microsoft.windows.common-controls_6595b64144ccf1df_6.0.19041.4355_none_60b8b9eb71f62e16\COMCTL32.dll
0x00007fffbfde0000 - 0x00007fffbfe02000 	C:\WINDOWS\System32\win32u.dll
0x00007fffc0480000 - 0x00007fffc051e000 	C:\WINDOWS\System32\msvcrt.dll
0x00007fffc2340000 - 0x00007fffc236b000 	C:\WINDOWS\System32\GDI32.dll
0x00007fffbfff0000 - 0x00007fffc010a000 	C:\WINDOWS\System32\gdi32full.dll
0x00007fffc0330000 - 0x00007fffc03cd000 	C:\WINDOWS\System32\msvcp_win.dll
0x00007fffc03d0000 - 0x00007fffc03ff000 	C:\WINDOWS\System32\IMM32.DLL
0x00007fffb8620000 - 0x00007fffb862c000 	C:\Program Files\Android\Android Studio\jbr\bin\vcruntime140_1.dll
0x00007fff92f90000 - 0x00007fff9301d000 	C:\Program Files\Android\Android Studio\jbr\bin\msvcp140.dll
0x00007fff463d0000 - 0x00007fff47053000 	C:\Program Files\Android\Android Studio\jbr\bin\server\jvm.dll
0x00007fffc0bd0000 - 0x00007fffc0c7f000 	C:\WINDOWS\System32\ADVAPI32.dll
0x00007fffc22a0000 - 0x00007fffc233f000 	C:\WINDOWS\System32\sechost.dll
0x00007fffc1590000 - 0x00007fffc16b3000 	C:\WINDOWS\System32\RPCRT4.dll
0x00007fffbff10000 - 0x00007fffbff37000 	C:\WINDOWS\System32\bcrypt.dll
0x00007fffc0740000 - 0x00007fffc07ab000 	C:\WINDOWS\System32\WS2_32.dll
0x00007fffbf7d0000 - 0x00007fffbf81b000 	C:\WINDOWS\SYSTEM32\POWRPROF.dll
0x00007fffafd40000 - 0x00007fffafd4a000 	C:\WINDOWS\SYSTEM32\VERSION.dll
0x00007fffaea30000 - 0x00007fffaea57000 	C:\WINDOWS\SYSTEM32\WINMM.dll
0x00007fffbf770000 - 0x00007fffbf782000 	C:\WINDOWS\SYSTEM32\UMPDC.dll
0x00007fffbe270000 - 0x00007fffbe282000 	C:\WINDOWS\SYSTEM32\kernel.appcore.dll
0x00007fffb8610000 - 0x00007fffb861a000 	C:\Program Files\Android\Android Studio\jbr\bin\jimage.dll
0x00007fffb9b00000 - 0x00007fffb9ce4000 	C:\WINDOWS\SYSTEM32\DBGHELP.DLL
0x00007fffb9ab0000 - 0x00007fffb9ae4000 	C:\WINDOWS\SYSTEM32\dbgcore.DLL
0x00007fffbfd50000 - 0x00007fffbfdd2000 	C:\WINDOWS\System32\bcryptPrimitives.dll
0x00007fffb7a60000 - 0x00007fffb7a80000 	C:\Program Files\Android\Android Studio\jbr\bin\java.dll

dbghelp: loaded successfully - version: 4.0.5 - missing functions: none
symbol engine: initialized successfully - sym options: 0x614 - pdb path: .;C:\Program Files\Android\Android Studio\jbr\bin;C:\WINDOWS\SYSTEM32;C:\WINDOWS\WinSxS\amd64_microsoft.windows.common-controls_6595b64144ccf1df_6.0.19041.4355_none_60b8b9eb71f62e16;C:\Program Files\Android\Android Studio\jbr\bin\server

VM Arguments:
java_command: git4idea.http.GitAskPassApp Username for 'https://github.com': 
java_class_path (initial): C:/Program Files/Android/Android Studio/plugins/vcs-git/lib/git4idea-rt.jar;C:/Program Files/Android/Android Studio/lib/externalProcess-rt.jar
Launcher Type: SUN_STANDARD

[Global flags]
     intx CICompilerCount                          = 3                                         {product} {ergonomic}
     uint ConcGCThreads                            = 1                                         {product} {ergonomic}
     uint G1ConcRefinementThreads                  = 4                                         {product} {ergonomic}
   size_t G1HeapRegionSize                         = 1048576                                   {product} {ergonomic}
    uintx GCDrainStackTargetSize                   = 64                                        {product} {ergonomic}
   size_t InitialHeapSize                          = 134217728                                 {product} {ergonomic}
   size_t MarkStackSize                            = 4194304                                   {product} {ergonomic}
   size_t MaxHeapSize                              = 2130706432                                {product} {ergonomic}
   size_t MinHeapDeltaBytes                        = 1048576                                   {product} {ergonomic}
   size_t MinHeapSize                              = 8388608                                   {product} {ergonomic}
    uintx NonNMethodCodeHeapSize                   = 5832780                                {pd product} {ergonomic}
    uintx NonProfiledCodeHeapSize                  = 122912730                              {pd product} {ergonomic}
    uintx ProfiledCodeHeapSize                     = 122912730                              {pd product} {ergonomic}
    uintx ReservedCodeCacheSize                    = 251658240                              {pd product} {ergonomic}
     bool SegmentedCodeCache                       = true                                      {product} {ergonomic}
   size_t SoftMaxHeapSize                          = 2130706432                             {manageable} {ergonomic}
     bool UseCompressedOops                        = true                           {product lp64_product} {ergonomic}
     bool UseG1GC                                  = true                                      {product} {ergonomic}
     bool UseLargePagesIndividualAllocation        = false                                  {pd product} {ergonomic}

Logging:
Log output configuration:
 #0: stdout all=warning uptime,level,tags foldmultilines=false
 #1: stderr all=off uptime,level,tags foldmultilines=false

Environment Variables:
PATH=C:\Program Files\Git\mingw64\libexec\git-core;C:\Program Files\Git\mingw64\libexec\git-core;C:\Program Files\Git\mingw64\bin;C:\Program Files\Git\usr\bin;C:\Users\utente\bin;C:\Program Files\Microsoft\jdk-11.0.16.101-hotspot\bin;C:\Program Files (x86)\Common Files\Oracle\Java\javapath;C:\WINDOWS\system32;C:\WINDOWS;C:\WINDOWS\System32\Wbem;C:\WINDOWS\System32\WindowsPowerShell\v1.0;C:\WINDOWS\System32\OpenSSH;C:\Program Files\Git\cmd;C:\Program Files\dotnet;C:\Program Files\Microsoft SQL Server\150\Tools\Binn;C:\Program Files (x86)\ATI Technologies\ATI.ACE\Core-Static;C:\Users\utente\AppData\Local\Microsoft\WindowsApps;C:\Users\utente\AppData\Local\Programs\Microsoft VS Code\bin;C:\Users\utente\.dotnet\tools;C:\Users\utente\AppData\Local\JetBrains\Toolbox\scripts
USERNAME=utente
DISPLAY=:0.0
LC_ALL=en_US.UTF-8
TERM=xterm-256color
TMPDIR=C:\Users\utente\AppData\Local\Temp
OS=Windows_NT
PROCESSOR_IDENTIFIER=Intel64 Family 6 Model 42 Stepping 7, GenuineIntel
TMP=C:\Users\utente\AppData\Local\Temp
TEMP=C:\Users\utente\AppData\Local\Temp




Periodic native trim disabled

JNI global refs:
JNI global refs: 0, weak refs: 0

JNI global refs memory usage: 0, weak refs: 0

Process memory usage:
Resident Set Size: 10596K (0% of 8321384K total physical memory with 1104720K free physical memory)

OOME stack traces (most recent first):
Classloader memory used:

---------------  S Y S T E M  ---------------

OS:
 Windows 10 , 64 bit Build 19041 (10.0.19041.5438)
OS uptime: 0 days 4:10 hours

CPU: total 4 (initial active 4) (2 cores per cpu, 2 threads per core) family 6 model 42 stepping 7 microcode 0x2f, cx8, cmov, fxsr, ht, mmx, sse, sse2, sse3, ssse3, sse4.1, sse4.2, popcnt, tsc, tscinvbit, avx, aes, clmul, vzeroupper, clflush, rdtscp
Processor Information for all 4 processors :
  Max Mhz: 2501, Current Mhz: 2501, Mhz Limit: 2501

Memory: 4k page, system-wide physical 8126M (1078M free)
TotalPageFile size 13994M (AvailPageFile size 46M)
current process WorkingSet (physical memory assigned to process): 10M, peak: 10M
current process commit charge ("private bytes"): 51M, peak: 179M

vm_info: OpenJDK 64-Bit Server VM (21.0.4+-12508038-b607.1) for windows-amd64 JRE (21.0.4+-12508038-b607.1), built on 2024-10-16T17:23:34Z by "builder" with MS VC++ 16.10 / 16.11 (VS2019)

END.
